0 info it worked if it ends with ok
1 verbose cli [ '/Users/dillon/.nvm/versions/node/v5.1.0/bin/node',
1 verbose cli   '/Users/dillon/.nvm/versions/node/v5.1.0/bin/npm',
1 verbose cli   'run',
1 verbose cli   'build:client' ]
2 info using npm@3.3.12
3 info using node@v5.1.0
4 verbose run-script [ 'prebuild:client', 'build:client', 'postbuild:client' ]
5 info lifecycle maana-code-challenge@1.0.0~prebuild:client: maana-code-challenge@1.0.0
6 silly lifecycle maana-code-challenge@1.0.0~prebuild:client: no script for prebuild:client, continuing
7 info lifecycle maana-code-challenge@1.0.0~build:client: maana-code-challenge@1.0.0
8 verbose lifecycle maana-code-challenge@1.0.0~build:client: unsafe-perm in lifecycle true
9 verbose lifecycle maana-code-challenge@1.0.0~build:client: PATH: /Users/dillon/.nvm/versions/node/v5.1.0/lib/node_modules/npm/bin/node-gyp-bin:/Users/dillon/work/challenges/maana-code-challenge/node_modules/.bin:/Users/dillon/.rbenv/shims:/Users/dillon/Applications/:/Users/dillon/.nvm/versions/node/v5.1.0/bin:/usr/local/bin:/usr/bin:/bin:/usr/sbin:/sbin:/Users/dillon/.gems/bin:/Users/dillon/maven/apache-maven-3.5.2/bin
10 verbose lifecycle maana-code-challenge@1.0.0~build:client: CWD: /Users/dillon/work/challenges/maana-code-challenge
11 silly lifecycle maana-code-challenge@1.0.0~build:client: Args: [ '-c', 'webpack' ]
12 silly lifecycle maana-code-challenge@1.0.0~build:client: Returned: code: 1  signal: null
13 info lifecycle maana-code-challenge@1.0.0~build:client: Failed to exec build:client script
14 verbose stack Error: maana-code-challenge@1.0.0 build:client: `webpack`
14 verbose stack Exit status 1
14 verbose stack     at EventEmitter.<anonymous> (/Users/dillon/.nvm/versions/node/v5.1.0/lib/node_modules/npm/lib/utils/lifecycle.js:232:16)
14 verbose stack     at emitTwo (events.js:87:13)
14 verbose stack     at EventEmitter.emit (events.js:172:7)
14 verbose stack     at ChildProcess.<anonymous> (/Users/dillon/.nvm/versions/node/v5.1.0/lib/node_modules/npm/lib/utils/spawn.js:24:14)
14 verbose stack     at emitTwo (events.js:87:13)
14 verbose stack     at ChildProcess.emit (events.js:172:7)
14 verbose stack     at maybeClose (internal/child_process.js:818:16)
14 verbose stack     at Process.ChildProcess._handle.onexit (internal/child_process.js:211:5)
15 verbose pkgid maana-code-challenge@1.0.0
16 verbose cwd /Users/dillon/work/challenges/maana-code-challenge
17 error Darwin 17.6.0
18 error argv "/Users/dillon/.nvm/versions/node/v5.1.0/bin/node" "/Users/dillon/.nvm/versions/node/v5.1.0/bin/npm" "run" "build:client"
19 error node v5.1.0
20 error npm  v3.3.12
21 error code ELIFECYCLE
22 error maana-code-challenge@1.0.0 build:client: `webpack`
22 error Exit status 1
23 error Failed at the maana-code-challenge@1.0.0 build:client script 'webpack'.
23 error Make sure you have the latest version of node.js and npm installed.
23 error If you do, this is most likely a problem with the maana-code-challenge package,
23 error not with npm itself.
23 error Tell the author that this fails on your system:
23 error     webpack
23 error You can get their info via:
23 error     npm owner ls maana-code-challenge
23 error There is likely additional logging output above.
24 verbose exit [ 1, true ]
